# JRE version: Java(TM) SE Runtime Environment 18.9 (11.0.17+10) (build 11.0.17+10-LTS-269)
# Java VM: Java HotSpot(TM) 64-Bit Server VM 18.9 (11.0.17+10-LTS-269, mixed mode, tiered, compressed oops, g1 gc, windows-amd64)
Heap:
 garbage-first heap   total 150528K, used 14149K [0x0000000086c00000, 0x0000000100000000)
  region size 1024K, 7 young (7168K), 7 survivors (7168K)
 Metaspace       used 30883K, capacity 31900K, committed 32000K, reserved 1077248K
  class space    used 3917K, capacity 4345K, committed 4352K, reserved 1048576K
GC Heap History (9 events):
Event: 0.788 GC heap before
{Heap before GC invocations=0 (full 0):
 garbage-first heap   total 124928K, used 25600K [0x0000000086c00000, 0x0000000100000000)
  region size 1024K, 24 young (24576K), 0 survivors (0K)
 Metaspace       used 13809K, capacity 14194K, committed 14464K, reserved 1062912K
  class space    used 1464K, capacity 1594K, committed 1664K, reserved 1048576K
}
Event: 0.795 GC heap after
{Heap after GC invocations=1 (full 0):
 garbage-first heap   total 124928K, used 7300K [0x0000000086c00000, 0x0000000100000000)
  region size 1024K, 3 young (3072K), 3 survivors (3072K)
 Metaspace       used 13809K, capacity 14194K, committed 14464K, reserved 1062912K
  class space    used 1464K, capacity 1594K, committed 1664K, reserved 1048576K
}
Event: 1.085 GC heap before
{Heap before GC invocations=1 (full 0):
 garbage-first heap   total 124928K, used 29828K [0x0000000086c00000, 0x0000000100000000)
  region size 1024K, 25 young (25600K), 3 survivors (3072K)
 Metaspace       used 17312K, capacity 17790K, committed 18048K, reserved 1064960K
  class space    used 1943K, capacity 2149K, committed 2176K, reserved 1048576K
}
Event: 1.091 GC heap after
{Heap after GC invocations=2 (full 0):
 garbage-first heap   total 124928K, used 9015K [0x0000000086c00000, 0x0000000100000000)
  region size 1024K, 2 young (2048K), 2 survivors (2048K)
 Metaspace       used 17312K, capacity 17790K, committed 18048K, reserved 1064960K
  class space    used 1943K, capacity 2149K, committed 2176K, reserved 1048576K
}
Event: 1.257 GC heap before
{Heap before GC invocations=2 (full 0):
 garbage-first heap   total 124928K, used 27447K [0x0000000086c00000, 0x0000000100000000)
  region size 1024K, 22 young (22528K), 2 survivors (2048K)
 Metaspace       used 20457K, capacity 21079K, committed 21248K, reserved 1067008K
  class space    used 2427K, capacity 2692K, committed 2816K, reserved 1048576K
}
Event: 1.260 GC heap after
{Heap after GC invocations=3 (full 0):
 garbage-first heap   total 124928K, used 9666K [0x0000000086c00000, 0x0000000100000000)
  region size 1024K, 3 young (3072K), 3 survivors (3072K)
 Metaspace       used 20457K, capacity 21079K, committed 21248K, reserved 1067008K
  class space    used 2427K, capacity 2692K, committed 2816K, reserved 1048576K
}
Event: 1.502 GC heap before
{Heap before GC invocations=4 (full 0):
 garbage-first heap   total 124928K, used 62914K [0x0000000086c00000, 0x0000000100000000)
  region size 1024K, 56 young (57344K), 3 survivors (3072K)
 Metaspace       used 25939K, capacity 26751K, committed 26880K, reserved 1073152K
  class space    used 3197K, capacity 3517K, committed 3584K, reserved 1048576K
}
Event: 1.506 GC heap after
{Heap after GC invocations=5 (full 0):
 garbage-first heap   total 124928K, used 11647K [0x0000000086c00000, 0x0000000100000000)
  region size 1024K, 5 young (5120K), 5 survivors (5120K)
 Metaspace       used 25939K, capacity 26751K, committed 26880K, reserved 1073152K
  class space    used 3197K, capacity 3517K, committed 3584K, reserved 1048576K
}
Event: 2.022 GC heap before
{Heap before GC invocations=5 (full 0):
 garbage-first heap   total 124928K, used 81279K [0x0000000086c00000, 0x0000000100000000)
  region size 1024K, 73 young (74752K), 5 survivors (5120K)
 Metaspace       used 30883K, capacity 31900K, committed 32000K, reserved 1077248K
  class space    used 3917K, capacity 4345K, committed 4352K, reserved 1048576K
}

